<?xml version="1.0" encoding="UTF-8"?>
<!-- Generated by org.testng.reporters.JUnitXMLReporter -->
<testsuite hostname="DESKTOP-PLM8S5R" ignored="0" name="Test" tests="3" failures="0" timestamp="2022-07-28T16:21:15 PDT" time="0.193" errors="0">
  <testcase name="AppiumFast" time="0.018" classname="qaclickacad.AppiumTest"/>
  <testcase name="Appiumdo" time="0.004" classname="qaclickacad.AppiumTest"/>
  <testcase name="Seleniumdo" time="0.016" classname="qaclickacad.SeleniumTest"/>
</testsuite> <!-- Test -->
