<?xml version="1.0" encoding="UTF-8"?>
<!-- Generated by org.testng.reporters.JUnitXMLReporter -->
<testsuite hostname="DESKTOP-PLM8S5R" ignored="0" name="Command line test" tests="5" failures="0" timestamp="2022-07-29T13:51:40 PDT" time="0.22" errors="0">
  <testcase name="AppiumFast" time="0.024" classname="qaclickacad.AppiumTest"/>
  <testcase name="Appiumdo" time="0.0" classname="qaclickacad.AppiumTest"/>
  <testcase name="Bye" time="0.001" classname="qaclickacad.RestapiTest"/>
  <testcase name="hello" time="0.0" classname="qaclickacad.RestapiTest"/>
  <testcase name="Seleniumdo" time="0.0" classname="qaclickacad.SeleniumTest"/>
</testsuite> <!-- Command line test -->
