<?xml version="1.0" encoding="UTF-8"?>
<testng-results skipped="0" failed="0" ignored="0" total="3" passed="3">
  <reporter-output>
  </reporter-output>
  <suite name="Suite" duration-ms="96" started-at="2022-07-29T14:29:09 PDT" finished-at="2022-07-29T14:29:10 PDT">
    <groups>
    </groups>
    <test name="Test" duration-ms="96" started-at="2022-07-29T14:29:09 PDT" finished-at="2022-07-29T14:29:10 PDT">
      <class name="qaclickacad.AppiumTest">
        <test-method status="PASS" signature="AppiumFast()[pri:0, instance:qaclickacad.AppiumTest@71cb3139]" name="AppiumFast" duration-ms="11" started-at="2022-07-29T14:29:09 PDT" finished-at="2022-07-29T14:29:10 PDT">
          <reporter-output>
          </reporter-output>
        </test-method> <!-- AppiumFast -->
        <test-method status="PASS" signature="Appiumdo()[pri:0, instance:qaclickacad.AppiumTest@71cb3139]" name="Appiumdo" duration-ms="0" started-at="2022-07-29T14:29:10 PDT" finished-at="2022-07-29T14:29:10 PDT">
          <reporter-output>
          </reporter-output>
        </test-method> <!-- Appiumdo -->
      </class> <!-- qaclickacad.AppiumTest -->
      <class name="qaclickacad.SeleniumTest">
        <test-method status="PASS" signature="Seleniumdo()[pri:0, instance:qaclickacad.SeleniumTest@118102ee]" name="Seleniumdo" duration-ms="1" started-at="2022-07-29T14:29:10 PDT" finished-at="2022-07-29T14:29:10 PDT">
          <reporter-output>
          </reporter-output>
        </test-method> <!-- Seleniumdo -->
      </class> <!-- qaclickacad.SeleniumTest -->
    </test> <!-- Test -->
  </suite> <!-- Suite -->
</testng-results>
