<?xml version="1.0" encoding="UTF-8"?>
<testng-results skipped="0" failed="0" ignored="0" total="3" passed="3">
  <reporter-output>
  </reporter-output>
  <suite name="Suite" duration-ms="193" started-at="2022-07-28T16:21:14 PDT" finished-at="2022-07-28T16:21:15 PDT">
    <groups>
    </groups>
    <test name="Test" duration-ms="193" started-at="2022-07-28T16:21:14 PDT" finished-at="2022-07-28T16:21:15 PDT">
      <class name="qaclickacad.AppiumTest">
        <test-method status="PASS" signature="AppiumFast()[pri:0, instance:qaclickacad.AppiumTest@45820e51]" name="AppiumFast" duration-ms="18" started-at="2022-07-28T16:21:15 PDT" finished-at="2022-07-28T16:21:15 PDT">
          <reporter-output>
          </reporter-output>
        </test-method> <!-- AppiumFast -->
        <test-method status="PASS" signature="Appiumdo()[pri:0, instance:qaclickacad.AppiumTest@45820e51]" name="Appiumdo" duration-ms="4" started-at="2022-07-28T16:21:15 PDT" finished-at="2022-07-28T16:21:15 PDT">
          <reporter-output>
          </reporter-output>
        </test-method> <!-- Appiumdo -->
      </class> <!-- qaclickacad.AppiumTest -->
      <class name="qaclickacad.SeleniumTest">
        <test-method status="PASS" signature="Seleniumdo()[pri:0, instance:qaclickacad.SeleniumTest@7b69c6ba]" name="Seleniumdo" duration-ms="16" started-at="2022-07-28T16:21:15 PDT" finished-at="2022-07-28T16:21:15 PDT">
          <reporter-output>
          </reporter-output>
        </test-method> <!-- Seleniumdo -->
      </class> <!-- qaclickacad.SeleniumTest -->
    </test> <!-- Test -->
  </suite> <!-- Suite -->
</testng-results>
